<?xml version="1.0" encoding="UTF-8"?>
<!-- Generated by org.testng.reporters.JUnitXMLReporter -->
<testsuite hostname="DESKTOP-BA0E603" ignored="0" name="Report" tests="6" failures="0" timestamp="24 Jan 2020 07:59:25 GMT" time="80.185" errors="0">
  <testcase name="CarsRentelslink" time="2.12" classname="Jan23.Demo1"/>
  <testcase name="Rigisterlink" time="2.081" classname="Jan23.Demo1"/>
  <testcase name="registeLink" time="6.014" classname="Jan23.Demo2"/>
  <testcase name="Hotelslink" time="2.071" classname="Jan23.Demo1"/>
  <testcase name="HotelsLink" time="6.114" classname="Jan23.Demo2"/>
  <testcase name="CarrentelsLink" time="5.549" classname="Jan23.Demo2"/>
</testsuite> <!-- Report -->
